<?xml version="1.0" encoding="UTF-8"?>
<!-- Generated by org.testng.reporters.JUnitReportReporter -->
<testsuite hostname="DESKTOP-TFS32G0" failures="0" tests="4" name="org.adacitin.scenario.Priority" time="0.030" errors="0" timestamp="05 Jun 2022 05:38:53 GMT" skipped="0">
  <testcase classname="org.adacitin.scenario.Priority" name="test4" time="0.018"/>
  <testcase classname="org.adacitin.scenario.Priority" name="test2" time="0.007"/>
  <testcase classname="org.adacitin.scenario.Priority" name="test1" time="0.003"/>
  <testcase classname="org.adacitin.scenario.Priority" name="noPriority" time="0.002"/>
</testsuite> <!-- org.adacitin.scenario.Priority -->
