<?xml version="1.0" encoding="UTF-8"?>
<!-- Generated by org.testng.reporters.JUnitReportReporter -->
<testsuite hostname="DESKTOP-TFS32G0" failures="0" tests="4" name="org.adacitin.scenario.PArallelTest" time="0.039" errors="0" timestamp="05 Jun 2022 06:45:36 GMT" skipped="0">
  <testcase classname="org.adacitin.scenario.PArallelTest" name="me0" time="0.019"/>
  <testcase classname="org.adacitin.scenario.PArallelTest" name="me2" time="0.014"/>
  <testcase classname="org.adacitin.scenario.PArallelTest" name="me1" time="0.003"/>
  <testcase classname="org.adacitin.scenario.PArallelTest" name="meee" time="0.003"/>
</testsuite> <!-- org.adacitin.scenario.PArallelTest -->
