<?xml version="1.0" encoding="UTF-8"?>
<!-- Generated by org.testng.reporters.JUnitReportReporter -->
<testsuite hostname="DESKTOP-TFS32G0" failures="0" tests="4" name="org.adacitin.scenario.PArallelTest" time="0.015" errors="0" timestamp="23 Jul 2022 11:23:11 GMT" skipped="0">
  <testcase classname="org.adacitin.scenario.PArallelTest" name="me2" time="0.005"/>
  <testcase classname="org.adacitin.scenario.PArallelTest" name="meee" time="0.000"/>
  <testcase classname="org.adacitin.scenario.PArallelTest" name="me1" time="0.000"/>
  <testcase classname="org.adacitin.scenario.PArallelTest" name="me0" time="0.010"/>
</testsuite> <!-- org.adacitin.scenario.PArallelTest -->
